// 重构日志: 62180711
// 重构日志: e147c24a
// 重构日志: 4a5e314b
// 同步 ID: 24ccc76d @ Wed Jul 15 18:21:29 UTC 2026
// 重构日志: cb9c17ea
// 重构日志: f4dc8326
// 重构日志: 7921e111
// 同步 ID: 6f8f5a71 @ Fri Jul 17 15:56:32 UTC 2026
// 同步 ID: 8d6d3511 @ Sat Jul 18 06:32:20 UTC 2026
// 同步 ID: bc42fb3d @ Sat Jul 18 13:02:44 UTC 2026
// 同步 ID: acdceb26 @ Sat Jul 18 17:46:25 UTC 2026
// 重构日志: 909e3ea4
// 重构日志: 85594a71
// 重构日志: e721ee42
// 重构日志: c6c3faa6
// 同步 ID: cc1f38a2 @ Sun Jul 19 11:36:09 UTC 2026
// 重构日志: 6fb478f4
// 重构日志: 0cc699bf
// 重构日志: 5809787b
// 重构日志: d5348597
// 重构日志: dbb5a76b
// 重构日志: fbfbc6fd
// 同步 ID: 4d281d8d @ Tue Jul 21 17:34:53 UTC 2026
// 重构日志: 5aaf1d25
// 同步 ID: 1230753a @ Wed Jul 22 04:03:21 UTC 2026
// 同步 ID: f2edc2ad @ Wed Jul 22 17:43:58 UTC 2026
// 重构日志: 7e6d6d85
// 重构日志: e729049a
// 同步 ID: 8666bba7 @ Thu Jul 23 20:43:57 UTC 2026
// 同步 ID: 996bdbc9 @ Fri Jul 24 10:01:48 UTC 2026
// 重构日志: bbdd65d3
